<?xml version="1.0" encoding="UTF-8"?>
<!-- Generated by org.testng.reporters.JUnitXMLReporter -->
<testsuite ignored="2" hostname="INLPF2SDBEL" failures="1" tests="8" name="Test" time="254.849" errors="0" timestamp="2024-11-21T16:36:59 IST">
  <testcase classname="com.appiumdemo.WestGate" name="launchingApp" time="30.452"/>
  <testcase classname="com.appiumdemo.WestGate" name="playerLogin" time="8.554"/>
  <testcase classname="com.appiumdemo.WestGate" name="StraightBetConfig" time="39.266"/>
  <testcase classname="com.appiumdemo.WestGate" name="ParlayBetConfig" time="46.064"/>
  <testcase classname="com.appiumdemo.WestGate" name="TeaserBetConfig" time="36.273">
    <failure type="java.lang.AssertionError" message="Maximum risk amount is 0.00.">
      <![CDATA[java.lang.AssertionError: Maximum risk amount is 0.00.
at com.appiumdemo.WestGate.placingBet(WestGate.java:296)
at com.appiumdemo.WestGate.TeaserBetConfig(WestGate.java:523)
at java.base/java.util.ArrayList.forEach(ArrayList.java:1596)
... Removed 26 stack frames]]>
    </failure>
  </testcase> <!-- TeaserBetConfig -->
  <testcase classname="com.appiumdemo.WestGate" name="Round_robinBetConfig" time="54.352"/>
  <testcase classname="com.appiumdemo.WestGate" name="TeaserBetWithWagerLimitOver" time="36.212"/>
  <testcase classname="com.appiumdemo.WestGate" name="logout" time="3.618"/>
  <testcase classname="com.appiumdemo.WestGate" name="placingBet" time="0.0">
    <ignored/>
  </testcase> <!-- placingBet -->
  <testcase classname="com.appiumdemo.WestGate" name="addingOddsToBetslip" time="0.0">
    <ignored/>
  </testcase> <!-- addingOddsToBetslip -->
</testsuite> <!-- Test -->
